<?xml version="1.0" encoding="UTF-8"?>
<!-- Generated by org.testng.reporters.JUnitReportReporter -->
<testsuite hostname="MP1MBXES" failures="0" tests="1" name="com.TestP.qa.Testcases.filters" time="83.061" errors="0" timestamp="2021-02-11T22:31:09 IST" skipped="0">
  <testcase classname="com.TestP.qa.Testcases.filters" name="test" time="83.061"/>
  <system-out/>
</testsuite> <!-- com.TestP.qa.Testcases.filters -->
