<?xml version="1.0" encoding="UTF-8"?>
<!-- Generated by org.testng.reporters.JUnitReportReporter -->
<testsuite hostname="MP1MBXES" failures="0" tests="1" name="com.TestP.qa.Testcases.ListOfCompanyAndProfiles" time="38.445" errors="0" timestamp="2021-02-11T22:19:00 IST" skipped="0">
  <testcase classname="com.TestP.qa.Testcases.ListOfCompanyAndProfiles" name="test" time="38.445"/>
  <system-out/>
</testsuite> <!-- com.TestP.qa.Testcases.ListOfCompanyAndProfiles -->
