<?xml version="1.0" encoding="UTF-8"?>
<!-- Generated by org.testng.reporters.JUnitReportReporter -->
<testsuite hostname="MP1MBXES" failures="0" tests="1" name="com.TestP.qa.Testcases.LoginTest" time="17.551" errors="0" timestamp="2021-02-11T01:04:20 IST" skipped="0">
  <testcase classname="com.TestP.qa.Testcases.LoginTest" name="test" time="17.551"/>
  <system-out/>
</testsuite> <!-- com.TestP.qa.Testcases.LoginTest -->
